c:\users\dell\desktop\skull\3\pg\proiect\x64\debug\vc143.pdb
c:\users\dell\desktop\skull\3\pg\proiect\x64\debug\vc143.idb
c:\users\dell\desktop\skull\3\pg\proiect\x64\debug\window.obj
c:\users\dell\desktop\skull\3\pg\proiect\x64\debug\tiny_obj_loader.obj
c:\users\dell\desktop\skull\3\pg\proiect\x64\debug\stb_image.obj
c:\users\dell\desktop\skull\3\pg\proiect\x64\debug\shader.obj
c:\users\dell\desktop\skull\3\pg\proiect\x64\debug\model3d.obj
c:\users\dell\desktop\skull\3\pg\proiect\x64\debug\mesh.obj
c:\users\dell\desktop\skull\3\pg\proiect\x64\debug\main.obj
c:\users\dell\desktop\skull\3\pg\proiect\x64\debug\camera.obj
c:\users\dell\desktop\skull\3\pg\proiect\x64\debug\skybox.obj
c:\users\dell\desktop\skull\3\pg\proiect\x64\debug\proiect.exe
c:\users\dell\desktop\skull\3\pg\proiect\x64\debug\proiect.ilk
c:\users\dell\desktop\skull\3\pg\proiect\x64\debug\proiect.pdb
c:\users\dell\desktop\skull\3\pg\proiect\x64\debug\proiect.tlog\cl.command.1.tlog
c:\users\dell\desktop\skull\3\pg\proiect\x64\debug\proiect.tlog\cl.read.1.tlog
c:\users\dell\desktop\skull\3\pg\proiect\x64\debug\proiect.tlog\cl.write.1.tlog
c:\users\dell\desktop\skull\3\pg\proiect\x64\debug\proiect.tlog\link.command.1.tlog
c:\users\dell\desktop\skull\3\pg\proiect\x64\debug\proiect.tlog\link.read.1.tlog
c:\users\dell\desktop\skull\3\pg\proiect\x64\debug\proiect.tlog\link.write.1.tlog
